2025/02/24 16:10:48 [warn] 1#1: the "listen ... http2" directive is deprecated, use the "http2" directive instead in /etc/nginx/conf.d/default.conf:11
2025/02/24 16:10:48 [warn] 1#1: the "listen ... http2" directive is deprecated, use the "http2" directive instead in /etc/nginx/conf.d/default.conf:12
2025/02/24 16:10:48 [emerg] 1#1: cannot load certificate "/etc/nginx/ssl/nginx.crt": BIO_new_file() failed (SSL: error:80000002:system library::No such file or directory:calling fopen(/etc/nginx/ssl/nginx.crt, r) error:10000080:BIO routines::no such file)
2025/02/24 16:10:49 [warn] 1#1: the "listen ... http2" directive is deprecated, use the "http2" directive instead in /etc/nginx/conf.d/default.conf:11
2025/02/24 16:10:49 [warn] 1#1: the "listen ... http2" directive is deprecated, use the "http2" directive instead in /etc/nginx/conf.d/default.conf:12
2025/02/24 16:10:49 [emerg] 1#1: cannot load certificate "/etc/nginx/ssl/nginx.crt": BIO_new_file() failed (SSL: error:80000002:system library::No such file or directory:calling fopen(/etc/nginx/ssl/nginx.crt, r) error:10000080:BIO routines::no such file)
2025/02/24 16:10:51 [warn] 1#1: the "listen ... http2" directive is deprecated, use the "http2" directive instead in /etc/nginx/conf.d/default.conf:11
2025/02/24 16:10:51 [warn] 1#1: the "listen ... http2" directive is deprecated, use the "http2" directive instead in /etc/nginx/conf.d/default.conf:12
2025/02/24 16:10:51 [emerg] 1#1: cannot load certificate "/etc/nginx/ssl/nginx.crt": BIO_new_file() failed (SSL: error:80000002:system library::No such file or directory:calling fopen(/etc/nginx/ssl/nginx.crt, r) error:10000080:BIO routines::no such file)
2025/02/24 16:10:53 [warn] 1#1: the "listen ... http2" directive is deprecated, use the "http2" directive instead in /etc/nginx/conf.d/default.conf:11
2025/02/24 16:10:53 [warn] 1#1: the "listen ... http2" directive is deprecated, use the "http2" directive instead in /etc/nginx/conf.d/default.conf:12
2025/02/24 16:10:53 [emerg] 1#1: cannot load certificate "/etc/nginx/ssl/nginx.crt": BIO_new_file() failed (SSL: error:80000002:system library::No such file or directory:calling fopen(/etc/nginx/ssl/nginx.crt, r) error:10000080:BIO routines::no such file)
2025/02/24 16:10:56 [warn] 1#1: the "listen ... http2" directive is deprecated, use the "http2" directive instead in /etc/nginx/conf.d/default.conf:11
2025/02/24 16:10:56 [warn] 1#1: the "listen ... http2" directive is deprecated, use the "http2" directive instead in /etc/nginx/conf.d/default.conf:12
2025/02/24 16:10:56 [emerg] 1#1: cannot load certificate "/etc/nginx/ssl/nginx.crt": BIO_new_file() failed (SSL: error:80000002:system library::No such file or directory:calling fopen(/etc/nginx/ssl/nginx.crt, r) error:10000080:BIO routines::no such file)
2025/02/24 16:10:59 [warn] 1#1: the "listen ... http2" directive is deprecated, use the "http2" directive instead in /etc/nginx/conf.d/default.conf:11
2025/02/24 16:10:59 [warn] 1#1: the "listen ... http2" directive is deprecated, use the "http2" directive instead in /etc/nginx/conf.d/default.conf:12
2025/02/24 16:10:59 [emerg] 1#1: cannot load certificate "/etc/nginx/ssl/nginx.crt": BIO_new_file() failed (SSL: error:80000002:system library::No such file or directory:calling fopen(/etc/nginx/ssl/nginx.crt, r) error:10000080:BIO routines::no such file)
2025/02/24 16:11:05 [warn] 1#1: the "listen ... http2" directive is deprecated, use the "http2" directive instead in /etc/nginx/conf.d/default.conf:11
2025/02/24 16:11:05 [warn] 1#1: the "listen ... http2" directive is deprecated, use the "http2" directive instead in /etc/nginx/conf.d/default.conf:12
2025/02/24 16:11:05 [emerg] 1#1: cannot load certificate "/etc/nginx/ssl/nginx.crt": BIO_new_file() failed (SSL: error:80000002:system library::No such file or directory:calling fopen(/etc/nginx/ssl/nginx.crt, r) error:10000080:BIO routines::no such file)
2025/02/24 16:11:13 [warn] 1#1: the "listen ... http2" directive is deprecated, use the "http2" directive instead in /etc/nginx/conf.d/default.conf:11
2025/02/24 16:11:13 [warn] 1#1: the "listen ... http2" directive is deprecated, use the "http2" directive instead in /etc/nginx/conf.d/default.conf:12
2025/02/24 16:11:13 [emerg] 1#1: cannot load certificate "/etc/nginx/ssl/nginx.crt": BIO_new_file() failed (SSL: error:80000002:system library::No such file or directory:calling fopen(/etc/nginx/ssl/nginx.crt, r) error:10000080:BIO routines::no such file)
2025/02/24 16:11:27 [warn] 1#1: the "listen ... http2" directive is deprecated, use the "http2" directive instead in /etc/nginx/conf.d/default.conf:11
2025/02/24 16:11:27 [warn] 1#1: the "listen ... http2" directive is deprecated, use the "http2" directive instead in /etc/nginx/conf.d/default.conf:12
2025/02/24 16:11:27 [emerg] 1#1: cannot load certificate "/etc/nginx/ssl/nginx.crt": BIO_new_file() failed (SSL: error:80000002:system library::No such file or directory:calling fopen(/etc/nginx/ssl/nginx.crt, r) error:10000080:BIO routines::no such file)
2025/02/24 16:11:57 [warn] 1#1: the "listen ... http2" directive is deprecated, use the "http2" directive instead in /etc/nginx/conf.d/default.conf:11
2025/02/24 16:11:57 [warn] 1#1: the "listen ... http2" directive is deprecated, use the "http2" directive instead in /etc/nginx/conf.d/default.conf:12
2025/02/24 16:11:57 [emerg] 1#1: cannot load certificate "/etc/nginx/ssl/nginx.crt": BIO_new_file() failed (SSL: error:80000002:system library::No such file or directory:calling fopen(/etc/nginx/ssl/nginx.crt, r) error:10000080:BIO routines::no such file)
2025/02/24 16:12:49 [warn] 1#1: the "listen ... http2" directive is deprecated, use the "http2" directive instead in /etc/nginx/conf.d/default.conf:11
2025/02/24 16:12:49 [warn] 1#1: the "listen ... http2" directive is deprecated, use the "http2" directive instead in /etc/nginx/conf.d/default.conf:12
2025/02/24 16:12:49 [emerg] 1#1: cannot load certificate "/etc/nginx/ssl/nginx.crt": BIO_new_file() failed (SSL: error:80000002:system library::No such file or directory:calling fopen(/etc/nginx/ssl/nginx.crt, r) error:10000080:BIO routines::no such file)
2025/02/24 16:13:50 [warn] 1#1: the "listen ... http2" directive is deprecated, use the "http2" directive instead in /etc/nginx/conf.d/default.conf:11
2025/02/24 16:13:50 [warn] 1#1: the "listen ... http2" directive is deprecated, use the "http2" directive instead in /etc/nginx/conf.d/default.conf:12
2025/02/24 16:13:50 [emerg] 1#1: cannot load certificate "/etc/nginx/ssl/nginx.crt": BIO_new_file() failed (SSL: error:80000002:system library::No such file or directory:calling fopen(/etc/nginx/ssl/nginx.crt, r) error:10000080:BIO routines::no such file)
2025/02/24 16:14:51 [warn] 1#1: the "listen ... http2" directive is deprecated, use the "http2" directive instead in /etc/nginx/conf.d/default.conf:11
2025/02/24 16:14:51 [warn] 1#1: the "listen ... http2" directive is deprecated, use the "http2" directive instead in /etc/nginx/conf.d/default.conf:12
2025/02/24 16:14:51 [emerg] 1#1: cannot load certificate "/etc/nginx/ssl/nginx.crt": BIO_new_file() failed (SSL: error:80000002:system library::No such file or directory:calling fopen(/etc/nginx/ssl/nginx.crt, r) error:10000080:BIO routines::no such file)
2025/02/24 16:15:53 [warn] 1#1: the "listen ... http2" directive is deprecated, use the "http2" directive instead in /etc/nginx/conf.d/default.conf:11
2025/02/24 16:15:53 [warn] 1#1: the "listen ... http2" directive is deprecated, use the "http2" directive instead in /etc/nginx/conf.d/default.conf:12
2025/02/24 16:15:53 [emerg] 1#1: cannot load certificate "/etc/nginx/ssl/nginx.crt": BIO_new_file() failed (SSL: error:80000002:system library::No such file or directory:calling fopen(/etc/nginx/ssl/nginx.crt, r) error:10000080:BIO routines::no such file)
2025/02/24 16:16:54 [warn] 1#1: the "listen ... http2" directive is deprecated, use the "http2" directive instead in /etc/nginx/conf.d/default.conf:11
2025/02/24 16:16:54 [warn] 1#1: the "listen ... http2" directive is deprecated, use the "http2" directive instead in /etc/nginx/conf.d/default.conf:12
2025/02/24 16:16:54 [emerg] 1#1: cannot load certificate "/etc/nginx/ssl/nginx.crt": BIO_new_file() failed (SSL: error:80000002:system library::No such file or directory:calling fopen(/etc/nginx/ssl/nginx.crt, r) error:10000080:BIO routines::no such file)
2025/02/24 16:17:55 [warn] 1#1: the "listen ... http2" directive is deprecated, use the "http2" directive instead in /etc/nginx/conf.d/default.conf:11
2025/02/24 16:17:55 [warn] 1#1: the "listen ... http2" directive is deprecated, use the "http2" directive instead in /etc/nginx/conf.d/default.conf:12
2025/02/24 16:17:55 [emerg] 1#1: cannot load certificate "/etc/nginx/ssl/nginx.crt": BIO_new_file() failed (SSL: error:80000002:system library::No such file or directory:calling fopen(/etc/nginx/ssl/nginx.crt, r) error:10000080:BIO routines::no such file)
2025/02/24 16:18:56 [warn] 1#1: the "listen ... http2" directive is deprecated, use the "http2" directive instead in /etc/nginx/conf.d/default.conf:11
2025/02/24 16:18:56 [warn] 1#1: the "listen ... http2" directive is deprecated, use the "http2" directive instead in /etc/nginx/conf.d/default.conf:12
2025/02/24 16:18:56 [emerg] 1#1: cannot load certificate "/etc/nginx/ssl/nginx.crt": BIO_new_file() failed (SSL: error:80000002:system library::No such file or directory:calling fopen(/etc/nginx/ssl/nginx.crt, r) error:10000080:BIO routines::no such file)
2025/02/24 16:19:57 [warn] 1#1: the "listen ... http2" directive is deprecated, use the "http2" directive instead in /etc/nginx/conf.d/default.conf:11
2025/02/24 16:19:57 [warn] 1#1: the "listen ... http2" directive is deprecated, use the "http2" directive instead in /etc/nginx/conf.d/default.conf:12
2025/02/24 16:19:57 [emerg] 1#1: cannot load certificate "/etc/nginx/ssl/nginx.crt": BIO_new_file() failed (SSL: error:80000002:system library::No such file or directory:calling fopen(/etc/nginx/ssl/nginx.crt, r) error:10000080:BIO routines::no such file)
2025/02/24 16:20:58 [warn] 1#1: the "listen ... http2" directive is deprecated, use the "http2" directive instead in /etc/nginx/conf.d/default.conf:11
2025/02/24 16:20:58 [warn] 1#1: the "listen ... http2" directive is deprecated, use the "http2" directive instead in /etc/nginx/conf.d/default.conf:12
2025/02/24 16:20:58 [emerg] 1#1: cannot load certificate "/etc/nginx/ssl/nginx.crt": BIO_new_file() failed (SSL: error:80000002:system library::No such file or directory:calling fopen(/etc/nginx/ssl/nginx.crt, r) error:10000080:BIO routines::no such file)
2025/02/24 16:21:59 [warn] 1#1: the "listen ... http2" directive is deprecated, use the "http2" directive instead in /etc/nginx/conf.d/default.conf:11
2025/02/24 16:21:59 [warn] 1#1: the "listen ... http2" directive is deprecated, use the "http2" directive instead in /etc/nginx/conf.d/default.conf:12
2025/02/24 16:21:59 [emerg] 1#1: cannot load certificate "/etc/nginx/ssl/nginx.crt": BIO_new_file() failed (SSL: error:80000002:system library::No such file or directory:calling fopen(/etc/nginx/ssl/nginx.crt, r) error:10000080:BIO routines::no such file)
2025/02/24 16:23:00 [warn] 1#1: the "listen ... http2" directive is deprecated, use the "http2" directive instead in /etc/nginx/conf.d/default.conf:11
2025/02/24 16:23:00 [warn] 1#1: the "listen ... http2" directive is deprecated, use the "http2" directive instead in /etc/nginx/conf.d/default.conf:12
2025/02/24 16:23:00 [emerg] 1#1: cannot load certificate "/etc/nginx/ssl/nginx.crt": BIO_new_file() failed (SSL: error:80000002:system library::No such file or directory:calling fopen(/etc/nginx/ssl/nginx.crt, r) error:10000080:BIO routines::no such file)
2025/02/24 16:24:02 [warn] 1#1: the "listen ... http2" directive is deprecated, use the "http2" directive instead in /etc/nginx/conf.d/default.conf:11
2025/02/24 16:24:02 [warn] 1#1: the "listen ... http2" directive is deprecated, use the "http2" directive instead in /etc/nginx/conf.d/default.conf:12
2025/02/24 16:24:02 [emerg] 1#1: cannot load certificate "/etc/nginx/ssl/nginx.crt": BIO_new_file() failed (SSL: error:80000002:system library::No such file or directory:calling fopen(/etc/nginx/ssl/nginx.crt, r) error:10000080:BIO routines::no such file)
2025/02/24 16:25:03 [warn] 1#1: the "listen ... http2" directive is deprecated, use the "http2" directive instead in /etc/nginx/conf.d/default.conf:11
2025/02/24 16:25:03 [warn] 1#1: the "listen ... http2" directive is deprecated, use the "http2" directive instead in /etc/nginx/conf.d/default.conf:12
2025/02/24 16:25:03 [emerg] 1#1: cannot load certificate "/etc/nginx/ssl/nginx.crt": BIO_new_file() failed (SSL: error:80000002:system library::No such file or directory:calling fopen(/etc/nginx/ssl/nginx.crt, r) error:10000080:BIO routines::no such file)
2025/02/24 16:26:04 [warn] 1#1: the "listen ... http2" directive is deprecated, use the "http2" directive instead in /etc/nginx/conf.d/default.conf:11
2025/02/24 16:26:04 [warn] 1#1: the "listen ... http2" directive is deprecated, use the "http2" directive instead in /etc/nginx/conf.d/default.conf:12
2025/02/24 16:26:04 [emerg] 1#1: cannot load certificate "/etc/nginx/ssl/nginx.crt": BIO_new_file() failed (SSL: error:80000002:system library::No such file or directory:calling fopen(/etc/nginx/ssl/nginx.crt, r) error:10000080:BIO routines::no such file)
2025/02/24 16:27:05 [warn] 1#1: the "listen ... http2" directive is deprecated, use the "http2" directive instead in /etc/nginx/conf.d/default.conf:11
2025/02/24 16:27:05 [warn] 1#1: the "listen ... http2" directive is deprecated, use the "http2" directive instead in /etc/nginx/conf.d/default.conf:12
2025/02/24 16:27:05 [emerg] 1#1: cannot load certificate "/etc/nginx/ssl/nginx.crt": BIO_new_file() failed (SSL: error:80000002:system library::No such file or directory:calling fopen(/etc/nginx/ssl/nginx.crt, r) error:10000080:BIO routines::no such file)
2025/02/24 16:28:06 [warn] 1#1: the "listen ... http2" directive is deprecated, use the "http2" directive instead in /etc/nginx/conf.d/default.conf:11
2025/02/24 16:28:06 [warn] 1#1: the "listen ... http2" directive is deprecated, use the "http2" directive instead in /etc/nginx/conf.d/default.conf:12
2025/02/24 16:28:06 [emerg] 1#1: cannot load certificate "/etc/nginx/ssl/nginx.crt": BIO_new_file() failed (SSL: error:80000002:system library::No such file or directory:calling fopen(/etc/nginx/ssl/nginx.crt, r) error:10000080:BIO routines::no such file)
2025/02/24 16:29:07 [warn] 1#1: the "listen ... http2" directive is deprecated, use the "http2" directive instead in /etc/nginx/conf.d/default.conf:11
2025/02/24 16:29:07 [warn] 1#1: the "listen ... http2" directive is deprecated, use the "http2" directive instead in /etc/nginx/conf.d/default.conf:12
2025/02/24 16:29:07 [emerg] 1#1: cannot load certificate "/etc/nginx/ssl/nginx.crt": BIO_new_file() failed (SSL: error:80000002:system library::No such file or directory:calling fopen(/etc/nginx/ssl/nginx.crt, r) error:10000080:BIO routines::no such file)
2025/02/24 16:30:08 [warn] 1#1: the "listen ... http2" directive is deprecated, use the "http2" directive instead in /etc/nginx/conf.d/default.conf:11
2025/02/24 16:30:08 [warn] 1#1: the "listen ... http2" directive is deprecated, use the "http2" directive instead in /etc/nginx/conf.d/default.conf:12
2025/02/24 16:30:08 [emerg] 1#1: cannot load certificate "/etc/nginx/ssl/nginx.crt": BIO_new_file() failed (SSL: error:80000002:system library::No such file or directory:calling fopen(/etc/nginx/ssl/nginx.crt, r) error:10000080:BIO routines::no such file)
2025/02/24 16:31:09 [warn] 1#1: the "listen ... http2" directive is deprecated, use the "http2" directive instead in /etc/nginx/conf.d/default.conf:11
2025/02/24 16:31:09 [warn] 1#1: the "listen ... http2" directive is deprecated, use the "http2" directive instead in /etc/nginx/conf.d/default.conf:12
2025/02/24 16:31:09 [warn] 1#1: "ssl_stapling" ignored, issuer certificate not found for certificate "/etc/nginx/ssl/nginx.crt"
2025/02/24 16:31:09 [notice] 1#1: using the "epoll" event method
2025/02/24 16:31:09 [notice] 1#1: nginx/1.27.4
2025/02/24 16:31:09 [notice] 1#1: built by gcc 14.2.0 (Alpine 14.2.0) 
2025/02/24 16:31:09 [notice] 1#1: OS: Linux 5.15.167.4-microsoft-standard-WSL2
2025/02/24 16:31:09 [notice] 1#1: getrlimit(RLIMIT_NOFILE): 1048576:1048576
2025/02/24 16:31:09 [notice] 1#1: start worker processes
2025/02/24 16:31:09 [notice] 1#1: start worker process 21
2025/02/24 16:31:09 [notice] 1#1: start worker process 22
2025/02/24 16:31:09 [notice] 1#1: start worker process 23
2025/02/24 16:31:09 [notice] 1#1: start worker process 24
2025/02/24 16:31:29 [notice] 1#1: signal 17 (SIGCHLD) received from 31
2025/02/24 16:31:29 [notice] 1#1: unknown process 31 exited with code 1
2025/02/24 16:31:49 [notice] 1#1: signal 17 (SIGCHLD) received from 39
2025/02/24 16:31:49 [notice] 1#1: unknown process 39 exited with code 1
2025/02/24 16:32:10 [notice] 1#1: signal 17 (SIGCHLD) received from 46
2025/02/24 16:32:10 [notice] 1#1: unknown process 46 exited with code 1
2025/02/24 16:32:30 [notice] 1#1: signal 17 (SIGCHLD) received from 53
2025/02/24 16:32:30 [notice] 1#1: unknown process 53 exited with code 1
2025/02/24 16:32:50 [notice] 1#1: signal 17 (SIGCHLD) received from 60
2025/02/24 16:32:50 [notice] 1#1: unknown process 60 exited with code 1
2025/02/24 16:33:10 [notice] 1#1: signal 17 (SIGCHLD) received from 67
2025/02/24 16:33:10 [notice] 1#1: unknown process 67 exited with code 1
2025/02/24 16:33:31 [notice] 1#1: signal 17 (SIGCHLD) received from 74
2025/02/24 16:33:31 [notice] 1#1: unknown process 74 exited with code 1
2025/02/24 16:33:51 [notice] 1#1: signal 17 (SIGCHLD) received from 82
2025/02/24 16:33:51 [notice] 1#1: unknown process 82 exited with code 1
2025/02/24 16:34:11 [notice] 1#1: signal 17 (SIGCHLD) received from 89
2025/02/24 16:34:11 [notice] 1#1: unknown process 89 exited with code 1
2025/02/24 16:34:31 [notice] 1#1: signal 17 (SIGCHLD) received from 97
2025/02/24 16:34:31 [notice] 1#1: unknown process 97 exited with code 1
2025/02/24 16:34:51 [notice] 1#1: signal 17 (SIGCHLD) received from 104
2025/02/24 16:34:51 [notice] 1#1: unknown process 104 exited with code 1
2025/02/24 16:35:11 [notice] 1#1: signal 17 (SIGCHLD) received from 111
2025/02/24 16:35:11 [notice] 1#1: unknown process 111 exited with code 1
2025/02/24 16:35:31 [notice] 1#1: signal 17 (SIGCHLD) received from 118
2025/02/24 16:35:31 [notice] 1#1: unknown process 118 exited with code 1
2025/02/24 16:35:52 [notice] 1#1: signal 17 (SIGCHLD) received from 125
2025/02/24 16:35:52 [notice] 1#1: unknown process 125 exited with code 1
2025/02/24 16:36:12 [notice] 1#1: signal 17 (SIGCHLD) received from 132
2025/02/24 16:36:12 [notice] 1#1: unknown process 132 exited with code 1
2025/02/24 16:36:32 [notice] 1#1: signal 17 (SIGCHLD) received from 139
2025/02/24 16:36:32 [notice] 1#1: unknown process 139 exited with code 1
2025/02/24 16:36:52 [notice] 1#1: signal 17 (SIGCHLD) received from 146
2025/02/24 16:36:52 [notice] 1#1: unknown process 146 exited with code 1
2025/02/24 16:37:13 [notice] 1#1: signal 17 (SIGCHLD) received from 153
2025/02/24 16:37:13 [notice] 1#1: unknown process 153 exited with code 1
2025/02/24 16:37:33 [notice] 1#1: signal 17 (SIGCHLD) received from 160
2025/02/24 16:37:33 [notice] 1#1: unknown process 160 exited with code 1
2025/02/24 16:37:54 [notice] 1#1: signal 17 (SIGCHLD) received from 169
2025/02/24 16:37:54 [notice] 1#1: unknown process 169 exited with code 1
2025/02/24 16:38:14 [notice] 1#1: signal 17 (SIGCHLD) received from 176
2025/02/24 16:38:14 [notice] 1#1: unknown process 176 exited with code 1
2025/02/24 16:38:35 [notice] 1#1: signal 17 (SIGCHLD) received from 183
2025/02/24 16:38:35 [notice] 1#1: unknown process 183 exited with code 1
2025/02/24 16:38:56 [notice] 1#1: signal 17 (SIGCHLD) received from 189
2025/02/24 16:38:56 [notice] 1#1: unknown process 189 exited with code 1
2025/02/24 16:39:17 [notice] 1#1: signal 17 (SIGCHLD) received from 196
2025/02/24 16:39:17 [notice] 1#1: unknown process 196 exited with code 1
2025/02/24 16:39:37 [notice] 1#1: signal 17 (SIGCHLD) received from 204
2025/02/24 16:39:37 [notice] 1#1: unknown process 204 exited with code 1
2025/02/24 16:39:57 [notice] 1#1: signal 17 (SIGCHLD) received from 211
2025/02/24 16:39:57 [notice] 1#1: unknown process 211 exited with code 1
2025/02/24 16:40:17 [notice] 1#1: signal 17 (SIGCHLD) received from 218
2025/02/24 16:40:17 [notice] 1#1: unknown process 218 exited with code 1
2025/02/24 16:40:38 [notice] 1#1: signal 17 (SIGCHLD) received from 225
2025/02/24 16:40:38 [notice] 1#1: unknown process 225 exited with code 1
2025/02/24 16:40:58 [notice] 1#1: signal 17 (SIGCHLD) received from 232
2025/02/24 16:40:58 [notice] 1#1: unknown process 232 exited with code 1
2025/02/24 16:41:18 [notice] 1#1: signal 17 (SIGCHLD) received from 239
2025/02/24 16:41:18 [notice] 1#1: unknown process 239 exited with code 1
2025/02/24 16:41:38 [notice] 1#1: signal 17 (SIGCHLD) received from 246
2025/02/24 16:41:38 [notice] 1#1: unknown process 246 exited with code 1
2025/02/24 16:41:59 [notice] 1#1: signal 17 (SIGCHLD) received from 254
2025/02/24 16:41:59 [notice] 1#1: unknown process 254 exited with code 1
2025/02/24 16:42:19 [notice] 1#1: signal 17 (SIGCHLD) received from 261
2025/02/24 16:42:19 [notice] 1#1: unknown process 261 exited with code 1
2025/02/24 16:42:39 [notice] 1#1: signal 3 (SIGQUIT) received, shutting down
2025/02/24 16:42:39 [notice] 21#21: gracefully shutting down
2025/02/24 16:42:39 [notice] 21#21: exiting
2025/02/24 16:42:39 [notice] 22#22: gracefully shutting down
2025/02/24 16:42:39 [notice] 22#22: exiting
2025/02/24 16:42:39 [notice] 23#23: gracefully shutting down
2025/02/24 16:42:39 [notice] 23#23: exiting
2025/02/24 16:42:39 [notice] 24#24: gracefully shutting down
2025/02/24 16:42:39 [notice] 24#24: exiting
2025/02/24 16:42:39 [notice] 21#21: exit
2025/02/24 16:42:39 [notice] 22#22: exit
2025/02/24 16:42:39 [notice] 24#24: exit
2025/02/24 16:42:39 [notice] 23#23: exit
2025/02/24 16:42:39 [notice] 1#1: signal 17 (SIGCHLD) received from 22
2025/02/24 16:42:39 [notice] 1#1: worker process 21 exited with code 0
2025/02/24 16:42:39 [notice] 1#1: worker process 22 exited with code 0
2025/02/24 16:42:39 [notice] 1#1: worker process 23 exited with code 0
2025/02/24 16:42:39 [notice] 1#1: worker process 24 exited with code 0
2025/02/24 16:42:39 [notice] 1#1: exit
2025/02/26 11:23:39 [warn] 1#1: the "listen ... http2" directive is deprecated, use the "http2" directive instead in /etc/nginx/conf.d/default.conf:11
2025/02/26 11:23:39 [warn] 1#1: the "listen ... http2" directive is deprecated, use the "http2" directive instead in /etc/nginx/conf.d/default.conf:12
2025/02/26 11:23:39 [emerg] 1#1: host not found in upstream "frontend" in /etc/nginx/conf.d/default.conf:82
2025/02/26 11:23:46 [warn] 1#1: the "listen ... http2" directive is deprecated, use the "http2" directive instead in /etc/nginx/conf.d/default.conf:11
2025/02/26 11:23:46 [warn] 1#1: the "listen ... http2" directive is deprecated, use the "http2" directive instead in /etc/nginx/conf.d/default.conf:12
2025/02/26 11:23:46 [emerg] 1#1: host not found in upstream "frontend" in /etc/nginx/conf.d/default.conf:82
2025/02/26 11:23:54 [warn] 1#1: the "listen ... http2" directive is deprecated, use the "http2" directive instead in /etc/nginx/conf.d/default.conf:11
2025/02/26 11:23:54 [warn] 1#1: the "listen ... http2" directive is deprecated, use the "http2" directive instead in /etc/nginx/conf.d/default.conf:12
2025/02/26 11:23:54 [emerg] 1#1: host not found in upstream "frontend" in /etc/nginx/conf.d/default.conf:82
2025/02/26 11:24:02 [warn] 1#1: the "listen ... http2" directive is deprecated, use the "http2" directive instead in /etc/nginx/conf.d/default.conf:11
2025/02/26 11:24:02 [warn] 1#1: the "listen ... http2" directive is deprecated, use the "http2" directive instead in /etc/nginx/conf.d/default.conf:12
2025/02/26 11:24:02 [emerg] 1#1: host not found in upstream "frontend" in /etc/nginx/conf.d/default.conf:82
2025/02/26 11:24:09 [warn] 1#1: the "listen ... http2" directive is deprecated, use the "http2" directive instead in /etc/nginx/conf.d/default.conf:11
2025/02/26 11:24:09 [warn] 1#1: the "listen ... http2" directive is deprecated, use the "http2" directive instead in /etc/nginx/conf.d/default.conf:12
2025/02/26 11:24:09 [emerg] 1#1: host not found in upstream "frontend" in /etc/nginx/conf.d/default.conf:82
2025/02/26 11:24:17 [warn] 1#1: the "listen ... http2" directive is deprecated, use the "http2" directive instead in /etc/nginx/conf.d/default.conf:11
2025/02/26 11:24:17 [warn] 1#1: the "listen ... http2" directive is deprecated, use the "http2" directive instead in /etc/nginx/conf.d/default.conf:12
2025/02/26 11:24:17 [emerg] 1#1: host not found in upstream "frontend" in /etc/nginx/conf.d/default.conf:82
2025/02/26 11:24:25 [warn] 1#1: the "listen ... http2" directive is deprecated, use the "http2" directive instead in /etc/nginx/conf.d/default.conf:11
2025/02/26 11:24:25 [warn] 1#1: the "listen ... http2" directive is deprecated, use the "http2" directive instead in /etc/nginx/conf.d/default.conf:12
2025/02/26 11:24:25 [emerg] 1#1: host not found in upstream "frontend" in /etc/nginx/conf.d/default.conf:82
2025/02/26 11:24:32 [warn] 1#1: the "listen ... http2" directive is deprecated, use the "http2" directive instead in /etc/nginx/conf.d/default.conf:11
2025/02/26 11:24:32 [warn] 1#1: the "listen ... http2" directive is deprecated, use the "http2" directive instead in /etc/nginx/conf.d/default.conf:12
2025/02/26 11:24:32 [emerg] 1#1: host not found in upstream "frontend" in /etc/nginx/conf.d/default.conf:82
